<?xml version="1.0" encoding="UTF-8"?>
<!-- Generated by org.testng.reporters.JUnitXMLReporter -->
<testsuite ignored="1" hostname="Deepak-Kumar-LP" failures="0" tests="4" name="Default test" time="0.061" errors="0" timestamp="2022-11-04T13:08:21 IST">
  <testcase classname="test.day3" name="MobileSignoutCarLoan" time="0.005"/>
  <testcase classname="test.day3" name="WebloginCarLoan" time="0.001"/>
  <testcase classname="test.day3" name="MobileLoginCarLoan" time="0.001"/>
  <testcase classname="test.day3" name="LoginApiCarLoan" time="0.001"/>
  <testcase classname="test.day3" name="MobilesigninCarLoan" time="0.0">
    <ignored/>
  </testcase> <!-- MobilesigninCarLoan -->
</testsuite> <!-- Default test -->
