<?xml version="1.0" encoding="UTF-8"?>
<!-- Generated by org.testng.reporters.JUnitXMLReporter -->
<testsuite ignored="2" hostname="Deepak-Kumar-LP" failures="0" tests="5" name="Car Loan" time="0.082" errors="0" timestamp="2022-11-07T12:00:49 IST">
  <testcase classname="test.day3" name="MobileLoginCarLoan" time="0.009"/>
  <testcase classname="test.day3" name="MobileSignoutCarLoan" time="0.002"/>
  <testcase classname="test.day3" name="MobileSignoutCarLoan" time="0.001"/>
  <testcase classname="test.day3" name="MobileSignoutCarLoan" time="0.001"/>
  <testcase classname="test.day3" name="WebloginCarLoan" time="0.002"/>
  <testcase classname="test.day3" name="MobilesigninCarLoan" time="0.0">
    <ignored/>
  </testcase> <!-- MobilesigninCarLoan -->
  <testcase classname="test.day3" name="APICarLoan" time="0.0">
    <ignored/>
  </testcase> <!-- APICarLoan -->
</testsuite> <!-- Car Loan -->
