<?xml version="1.0" encoding="UTF-8"?>
<!-- Generated by org.testng.reporters.JUnitXMLReporter -->
<testsuite ignored="0" hostname="Deepak-Kumar-LP" failures="0" tests="3" name="Home Loan" time="0.01" errors="0" timestamp="2022-11-03T15:51:10 IST">
  <testcase classname="test.day4" name="LoginApiHomeLoan" time="0.002"/>
  <testcase classname="test.day4" name="MobileloginHomeLoan" time="0.001"/>
  <testcase classname="test.day4" name="WebloginHomeLoan" time="0.001"/>
</testsuite> <!-- Home Loan -->
