<?xml version="1.0" encoding="UTF-8"?>
<!-- Generated by org.testng.reporters.JUnitXMLReporter -->
<testsuite ignored="8" hostname="Deepak-Kumar-LP" failures="0" tests="3" name="Regression" time="0.052" errors="0" timestamp="2022-11-04T16:57:53 IST">
  <testcase classname="test.day2" name="ploan" time="0.008"/>
  <testcase classname="test.day4" name="MobileloginHomeLoan" time="0.001"/>
  <testcase classname="test.day3" name="MobileLoginCarLoan" time="0.002"/>
  <testcase classname="test.day3" name="MobilesigninCarLoan" time="0.0">
    <ignored/>
  </testcase> <!-- MobilesigninCarLoan -->
  <testcase classname="test.day3" name="MobileSignoutCarLoan" time="0.0">
    <ignored/>
  </testcase> <!-- MobileSignoutCarLoan -->
  <testcase classname="test.day3" name="WebloginCarLoan" time="0.0">
    <ignored/>
  </testcase> <!-- WebloginCarLoan -->
  <testcase classname="test.day3" name="LoginApiCarLoan" time="0.0">
    <ignored/>
  </testcase> <!-- LoginApiCarLoan -->
  <testcase classname="test.day1" name="SecondTest" time="0.0">
    <ignored/>
  </testcase> <!-- SecondTest -->
  <testcase classname="test.day4" name="LoginApiHomeLoan" time="0.0">
    <ignored/>
  </testcase> <!-- LoginApiHomeLoan -->
  <testcase classname="test.day4" name="WebloginHomeLoan" time="0.0">
    <ignored/>
  </testcase> <!-- WebloginHomeLoan -->
  <testcase classname="test.day1" name="Demo" time="0.0">
    <ignored/>
  </testcase> <!-- Demo -->
</testsuite> <!-- Regression -->
